2021-08-12 00:37:36.746  INFO 9784 --- [main] com.rest.NativeQuaryExampleApplication   : Starting NativeQuaryExampleApplication using Java 1.8.0_131 on PRATIK-PC with PID 9784 (C:\Users\Pratik Dutta\Documents\workspace-spring-tool-suite-4-4.5.1.RELEASE\NativeQuaryExample\target\classes started by Pratik Dutta in C:\Users\Pratik Dutta\Documents\workspace-spring-tool-suite-4-4.5.1.RELEASE\NativeQuaryExample)
2021-08-12 00:37:36.750  INFO 9784 --- [main] com.rest.NativeQuaryExampleApplication   : No active profile set, falling back to default profiles: default
2021-08-12 00:37:38.368  INFO 9784 --- [main] .s.d.r.c.RepositoryConfigurationDelegate : Bootstrapping Spring Data JPA repositories in DEFAULT mode.
2021-08-12 00:37:38.466  INFO 9784 --- [main] .s.d.r.c.RepositoryConfigurationDelegate : Finished Spring Data repository scanning in 80 ms. Found 1 JPA repository interfaces.
2021-08-12 00:37:39.322  INFO 9784 --- [main] o.s.b.w.embedded.tomcat.TomcatWebServer  : Tomcat initialized with port(s): 8080 (http)
2021-08-12 00:37:39.338  INFO 9784 --- [main] o.apache.catalina.core.StandardService   : Starting service [Tomcat]
2021-08-12 00:37:39.339  INFO 9784 --- [main] org.apache.catalina.core.StandardEngine  : Starting Servlet engine: [Apache Tomcat/9.0.48]
2021-08-12 00:37:39.562  INFO 9784 --- [main] o.a.c.c.C.[Tomcat].[localhost].[/]       : Initializing Spring embedded WebApplicationContext
2021-08-12 00:37:39.563  INFO 9784 --- [main] w.s.c.ServletWebServerApplicationContext : Root WebApplicationContext: initialization completed in 2701 ms
2021-08-12 00:37:40.043  INFO 9784 --- [main] o.hibernate.jpa.internal.util.LogHelper  : HHH000204: Processing PersistenceUnitInfo [name: default]
2021-08-12 00:37:40.121  INFO 9784 --- [main] org.hibernate.Version                    : HHH000412: Hibernate ORM core version 5.4.32.Final
2021-08-12 00:37:40.344  INFO 9784 --- [main] o.hibernate.annotations.common.Version   : HCANN000001: Hibernate Commons Annotations {5.1.2.Final}
2021-08-12 00:37:40.685  INFO 9784 --- [main] com.zaxxer.hikari.HikariDataSource       : HikariPool-1 - Starting...
2021-08-12 00:37:41.685  INFO 9784 --- [main] com.zaxxer.hikari.HikariDataSource       : HikariPool-1 - Start completed.
2021-08-12 00:37:41.728  INFO 9784 --- [main] org.hibernate.dialect.Dialect            : HHH000400: Using dialect: org.hibernate.dialect.MySQL8Dialect
2021-08-12 00:37:42.791  INFO 9784 --- [main] o.h.e.t.j.p.i.JtaPlatformInitiator       : HHH000490: Using JtaPlatform implementation: [org.hibernate.engine.transaction.jta.platform.internal.NoJtaPlatform]
2021-08-12 00:37:42.810  INFO 9784 --- [main] j.LocalContainerEntityManagerFactoryBean : Initialized JPA EntityManagerFactory for persistence unit 'default'
2021-08-12 00:37:43.299  WARN 9784 --- [main] JpaBaseConfiguration$JpaWebConfiguration : spring.jpa.open-in-view is enabled by default. Therefore, database queries may be performed during view rendering. Explicitly configure spring.jpa.open-in-view to disable this warning
2021-08-12 00:37:44.145  INFO 9784 --- [main] o.s.b.a.e.web.EndpointLinksResolver      : Exposing 1 endpoint(s) beneath base path '/actuator'
2021-08-12 00:37:44.229  INFO 9784 --- [main] o.s.b.w.embedded.tomcat.TomcatWebServer  : Tomcat started on port(s): 8080 (http) with context path ''
2021-08-12 00:37:44.254  INFO 9784 --- [main] com.rest.NativeQuaryExampleApplication   : Started NativeQuaryExampleApplication in 8.27 seconds (JVM running for 10.388)
2021-08-12 00:37:50.319  INFO 9784 --- [RMI TCP Connection(2)-127.0.0.1] inMXBeanRegistrar$SpringApplicationAdmin : Application shutdown requested.
2021-08-12 00:37:50.826  INFO 9784 --- [RMI TCP Connection(2)-127.0.0.1] j.LocalContainerEntityManagerFactoryBean : Closing JPA EntityManagerFactory for persistence unit 'default'
2021-08-12 00:37:50.830  INFO 9784 --- [RMI TCP Connection(2)-127.0.0.1] com.zaxxer.hikari.HikariDataSource       : HikariPool-1 - Shutdown initiated...
2021-08-12 00:37:50.851  INFO 9784 --- [RMI TCP Connection(2)-127.0.0.1] com.zaxxer.hikari.HikariDataSource       : HikariPool-1 - Shutdown completed.
2021-08-12 00:37:55.407  INFO 11464 --- [main] com.rest.NativeQuaryExampleApplication   : Starting NativeQuaryExampleApplication using Java 1.8.0_131 on PRATIK-PC with PID 11464 (C:\Users\Pratik Dutta\Documents\workspace-spring-tool-suite-4-4.5.1.RELEASE\NativeQuaryExample\target\classes started by Pratik Dutta in C:\Users\Pratik Dutta\Documents\workspace-spring-tool-suite-4-4.5.1.RELEASE\NativeQuaryExample)
2021-08-12 00:37:55.413  INFO 11464 --- [main] com.rest.NativeQuaryExampleApplication   : No active profile set, falling back to default profiles: default
2021-08-12 00:37:57.059  INFO 11464 --- [main] .s.d.r.c.RepositoryConfigurationDelegate : Bootstrapping Spring Data JPA repositories in DEFAULT mode.
2021-08-12 00:37:57.165  INFO 11464 --- [main] .s.d.r.c.RepositoryConfigurationDelegate : Finished Spring Data repository scanning in 92 ms. Found 1 JPA repository interfaces.
2021-08-12 00:37:58.044  INFO 11464 --- [main] o.s.b.w.embedded.tomcat.TomcatWebServer  : Tomcat initialized with port(s): 8080 (http)
2021-08-12 00:37:58.059  INFO 11464 --- [main] o.apache.catalina.core.StandardService   : Starting service [Tomcat]
2021-08-12 00:37:58.060  INFO 11464 --- [main] org.apache.catalina.core.StandardEngine  : Starting Servlet engine: [Apache Tomcat/9.0.48]
2021-08-12 00:37:58.219  INFO 11464 --- [main] o.a.c.c.C.[Tomcat].[localhost].[/]       : Initializing Spring embedded WebApplicationContext
2021-08-12 00:37:58.220  INFO 11464 --- [main] w.s.c.ServletWebServerApplicationContext : Root WebApplicationContext: initialization completed in 2695 ms
2021-08-12 00:37:58.736  INFO 11464 --- [main] o.hibernate.jpa.internal.util.LogHelper  : HHH000204: Processing PersistenceUnitInfo [name: default]
2021-08-12 00:37:58.820  INFO 11464 --- [main] org.hibernate.Version                    : HHH000412: Hibernate ORM core version 5.4.32.Final
2021-08-12 00:37:59.076  INFO 11464 --- [main] o.hibernate.annotations.common.Version   : HCANN000001: Hibernate Commons Annotations {5.1.2.Final}
2021-08-12 00:37:59.427  INFO 11464 --- [main] com.zaxxer.hikari.HikariDataSource       : HikariPool-1 - Starting...
2021-08-12 00:38:00.519  INFO 11464 --- [main] com.zaxxer.hikari.HikariDataSource       : HikariPool-1 - Start completed.
2021-08-12 00:38:00.556  INFO 11464 --- [main] org.hibernate.dialect.Dialect            : HHH000400: Using dialect: org.hibernate.dialect.MySQL8Dialect
2021-08-12 00:38:01.897  INFO 11464 --- [main] o.h.e.t.j.p.i.JtaPlatformInitiator       : HHH000490: Using JtaPlatform implementation: [org.hibernate.engine.transaction.jta.platform.internal.NoJtaPlatform]
2021-08-12 00:38:01.915  INFO 11464 --- [main] j.LocalContainerEntityManagerFactoryBean : Initialized JPA EntityManagerFactory for persistence unit 'default'
2021-08-12 00:38:02.437  WARN 11464 --- [main] JpaBaseConfiguration$JpaWebConfiguration : spring.jpa.open-in-view is enabled by default. Therefore, database queries may be performed during view rendering. Explicitly configure spring.jpa.open-in-view to disable this warning
2021-08-12 00:38:03.298  INFO 11464 --- [main] o.s.b.a.e.web.EndpointLinksResolver      : Exposing 1 endpoint(s) beneath base path '/actuator'
2021-08-12 00:38:03.391  INFO 11464 --- [main] o.s.b.w.embedded.tomcat.TomcatWebServer  : Tomcat started on port(s): 8080 (http) with context path ''
2021-08-12 00:38:03.418  INFO 11464 --- [main] com.rest.NativeQuaryExampleApplication   : Started NativeQuaryExampleApplication in 8.834 seconds (JVM running for 10.598)
2021-08-12 00:42:37.689  INFO 11464 --- [RMI TCP Connection(2)-127.0.0.1] inMXBeanRegistrar$SpringApplicationAdmin : Application shutdown requested.
2021-08-12 00:42:38.171  INFO 11464 --- [RMI TCP Connection(2)-127.0.0.1] j.LocalContainerEntityManagerFactoryBean : Closing JPA EntityManagerFactory for persistence unit 'default'
2021-08-12 00:42:38.176  INFO 11464 --- [RMI TCP Connection(2)-127.0.0.1] com.zaxxer.hikari.HikariDataSource       : HikariPool-1 - Shutdown initiated...
2021-08-12 00:42:38.200  INFO 11464 --- [RMI TCP Connection(2)-127.0.0.1] com.zaxxer.hikari.HikariDataSource       : HikariPool-1 - Shutdown completed.
