12-08-2021 00:00:21.255 [RMI TCP Connection(2)-127.0.0.1] INFO  o.s.b.a.SpringApplicationAdminMXBeanRegistrar$SpringApplicationAdmin.shutdown - Application shutdown requested.
12-08-2021 00:00:21.727 [RMI TCP Connection(2)-127.0.0.1] INFO  o.s.o.j.LocalContainerEntityManagerFactoryBean.destroy - Closing JPA EntityManagerFactory for persistence unit 'default'
12-08-2021 00:00:21.733 [RMI TCP Connection(2)-127.0.0.1] INFO  com.zaxxer.hikari.HikariDataSource.close - HikariPool-1 - Shutdown initiated...
12-08-2021 00:00:21.753 [RMI TCP Connection(2)-127.0.0.1] INFO  com.zaxxer.hikari.HikariDataSource.close - HikariPool-1 - Shutdown completed.
"2021-08-12 00:00:30 - Starting NativeQuaryExampleApplication using Java 1.8.0_131 on PRATIK-PC with PID 13648 (C:\Users\Pratik Dutta\Documents\workspace-spring-tool-suite-4-4.5.1.RELEASE\NativeQuaryExample\target\classes started by Pratik Dutta in C:\Users\Pratik Dutta\Documents\workspace-spring-tool-suite-4-4.5.1.RELEASE\NativeQuaryExample)
""2021-08-12 00:00:30 - No active profile set, falling back to default profiles: default
""2021-08-12 00:00:31 - Bootstrapping Spring Data JPA repositories in DEFAULT mode.
""2021-08-12 00:00:31 - Finished Spring Data repository scanning in 71 ms. Found 1 JPA repository interfaces.
""2021-08-12 00:00:32 - Tomcat initialized with port(s): 8080 (http)
""2021-08-12 00:00:32 - Starting service [Tomcat]
""2021-08-12 00:00:32 - Starting Servlet engine: [Apache Tomcat/9.0.48]
""2021-08-12 00:00:32 - Initializing Spring embedded WebApplicationContext
""2021-08-12 00:00:32 - Root WebApplicationContext: initialization completed in 2347 ms
""2021-08-12 00:00:33 - HHH000204: Processing PersistenceUnitInfo [name: default]
""2021-08-12 00:00:33 - HHH000412: Hibernate ORM core version 5.4.32.Final
""2021-08-12 00:00:33 - HCANN000001: Hibernate Commons Annotations {5.1.2.Final}
""2021-08-12 00:00:33 - HikariPool-1 - Starting...
""2021-08-12 00:00:34 - HikariPool-1 - Start completed.
""2021-08-12 00:00:34 - HHH000400: Using dialect: org.hibernate.dialect.MySQL8Dialect
""2021-08-12 00:00:35 - HHH000490: Using JtaPlatform implementation: [org.hibernate.engine.transaction.jta.platform.internal.NoJtaPlatform]
""2021-08-12 00:00:35 - Initialized JPA EntityManagerFactory for persistence unit 'default'
""2021-08-12 00:00:36 - spring.jpa.open-in-view is enabled by default. Therefore, database queries may be performed during view rendering. Explicitly configure spring.jpa.open-in-view to disable this warning
""2021-08-12 00:00:36 - Exposing 1 endpoint(s) beneath base path '/actuator'
""2021-08-12 00:00:37 - Tomcat started on port(s): 8080 (http) with context path ''
""2021-08-12 00:00:37 - Started NativeQuaryExampleApplication in 7.443 seconds (JVM running for 9.307)
""2021-08-12 00:33:10 - Application shutdown requested.
""2021-08-12 00:33:11 - Closing JPA EntityManagerFactory for persistence unit 'default'
""2021-08-12 00:33:11 - HikariPool-1 - Shutdown initiated...
""2021-08-12 00:33:11 - HikariPool-1 - Shutdown completed.
"2021-08-12 00:33:16.230  INFO 5336 --- [main] com.rest.NativeQuaryExampleApplication   : Starting NativeQuaryExampleApplication using Java 1.8.0_131 on PRATIK-PC with PID 5336 (C:\Users\Pratik Dutta\Documents\workspace-spring-tool-suite-4-4.5.1.RELEASE\NativeQuaryExample\target\classes started by Pratik Dutta in C:\Users\Pratik Dutta\Documents\workspace-spring-tool-suite-4-4.5.1.RELEASE\NativeQuaryExample)
2021-08-12 00:33:16.234  INFO 5336 --- [main] com.rest.NativeQuaryExampleApplication   : No active profile set, falling back to default profiles: default
2021-08-12 00:33:17.869  INFO 5336 --- [main] .s.d.r.c.RepositoryConfigurationDelegate : Bootstrapping Spring Data JPA repositories in DEFAULT mode.
2021-08-12 00:33:17.964  INFO 5336 --- [main] .s.d.r.c.RepositoryConfigurationDelegate : Finished Spring Data repository scanning in 79 ms. Found 1 JPA repository interfaces.
2021-08-12 00:33:18.843  INFO 5336 --- [main] o.s.b.w.embedded.tomcat.TomcatWebServer  : Tomcat initialized with port(s): 8080 (http)
2021-08-12 00:33:18.858  INFO 5336 --- [main] o.apache.catalina.core.StandardService   : Starting service [Tomcat]
2021-08-12 00:33:18.861  INFO 5336 --- [main] org.apache.catalina.core.StandardEngine  : Starting Servlet engine: [Apache Tomcat/9.0.48]
2021-08-12 00:33:19.073  INFO 5336 --- [main] o.a.c.c.C.[Tomcat].[localhost].[/]       : Initializing Spring embedded WebApplicationContext
2021-08-12 00:33:19.074  INFO 5336 --- [main] w.s.c.ServletWebServerApplicationContext : Root WebApplicationContext: initialization completed in 2728 ms
2021-08-12 00:33:19.552  INFO 5336 --- [main] o.hibernate.jpa.internal.util.LogHelper  : HHH000204: Processing PersistenceUnitInfo [name: default]
2021-08-12 00:33:19.631  INFO 5336 --- [main] org.hibernate.Version                    : HHH000412: Hibernate ORM core version 5.4.32.Final
2021-08-12 00:33:19.857  INFO 5336 --- [main] o.hibernate.annotations.common.Version   : HCANN000001: Hibernate Commons Annotations {5.1.2.Final}
2021-08-12 00:33:20.203  INFO 5336 --- [main] com.zaxxer.hikari.HikariDataSource       : HikariPool-1 - Starting...
2021-08-12 00:33:21.270  INFO 5336 --- [main] com.zaxxer.hikari.HikariDataSource       : HikariPool-1 - Start completed.
2021-08-12 00:33:21.308  INFO 5336 --- [main] org.hibernate.dialect.Dialect            : HHH000400: Using dialect: org.hibernate.dialect.MySQL8Dialect
2021-08-12 00:33:22.402  INFO 5336 --- [main] o.h.e.t.j.p.i.JtaPlatformInitiator       : HHH000490: Using JtaPlatform implementation: [org.hibernate.engine.transaction.jta.platform.internal.NoJtaPlatform]
2021-08-12 00:33:22.421  INFO 5336 --- [main] j.LocalContainerEntityManagerFactoryBean : Initialized JPA EntityManagerFactory for persistence unit 'default'
2021-08-12 00:33:22.932  WARN 5336 --- [main] JpaBaseConfiguration$JpaWebConfiguration : spring.jpa.open-in-view is enabled by default. Therefore, database queries may be performed during view rendering. Explicitly configure spring.jpa.open-in-view to disable this warning
2021-08-12 00:33:23.781  INFO 5336 --- [main] o.s.b.a.e.web.EndpointLinksResolver      : Exposing 1 endpoint(s) beneath base path '/actuator'
2021-08-12 00:33:23.865  INFO 5336 --- [main] o.s.b.w.embedded.tomcat.TomcatWebServer  : Tomcat started on port(s): 8080 (http) with context path ''
2021-08-12 00:33:23.891  INFO 5336 --- [main] com.rest.NativeQuaryExampleApplication   : Started NativeQuaryExampleApplication in 8.416 seconds (JVM running for 10.189)
2021-08-12 00:34:33.225  INFO 5336 --- [RMI TCP Connection(2)-127.0.0.1] inMXBeanRegistrar$SpringApplicationAdmin : Application shutdown requested.
2021-08-12 00:34:33.681  INFO 5336 --- [RMI TCP Connection(2)-127.0.0.1] j.LocalContainerEntityManagerFactoryBean : Closing JPA EntityManagerFactory for persistence unit 'default'
2021-08-12 00:34:33.686  INFO 5336 --- [RMI TCP Connection(2)-127.0.0.1] com.zaxxer.hikari.HikariDataSource       : HikariPool-1 - Shutdown initiated...
2021-08-12 00:34:33.709  INFO 5336 --- [RMI TCP Connection(2)-127.0.0.1] com.zaxxer.hikari.HikariDataSource       : HikariPool-1 - Shutdown completed.
2021-08-12 00:34:40.462  INFO 1836 --- [main] com.rest.NativeQuaryExampleApplication   : Starting NativeQuaryExampleApplication using Java 1.8.0_131 on PRATIK-PC with PID 1836 (C:\Users\Pratik Dutta\Documents\workspace-spring-tool-suite-4-4.5.1.RELEASE\NativeQuaryExample\target\classes started by Pratik Dutta in C:\Users\Pratik Dutta\Documents\workspace-spring-tool-suite-4-4.5.1.RELEASE\NativeQuaryExample)
2021-08-12 00:34:40.467  INFO 1836 --- [main] com.rest.NativeQuaryExampleApplication   : No active profile set, falling back to default profiles: default
2021-08-12 00:34:42.073  INFO 1836 --- [main] .s.d.r.c.RepositoryConfigurationDelegate : Bootstrapping Spring Data JPA repositories in DEFAULT mode.
2021-08-12 00:34:42.166  INFO 1836 --- [main] .s.d.r.c.RepositoryConfigurationDelegate : Finished Spring Data repository scanning in 79 ms. Found 1 JPA repository interfaces.
2021-08-12 00:34:43.045  INFO 1836 --- [main] o.s.b.w.embedded.tomcat.TomcatWebServer  : Tomcat initialized with port(s): 8080 (http)
2021-08-12 00:34:43.060  INFO 1836 --- [main] o.apache.catalina.core.StandardService   : Starting service [Tomcat]
2021-08-12 00:34:43.060  INFO 1836 --- [main] org.apache.catalina.core.StandardEngine  : Starting Servlet engine: [Apache Tomcat/9.0.48]
2021-08-12 00:34:43.246  INFO 1836 --- [main] o.a.c.c.C.[Tomcat].[localhost].[/]       : Initializing Spring embedded WebApplicationContext
2021-08-12 00:34:43.247  INFO 1836 --- [main] w.s.c.ServletWebServerApplicationContext : Root WebApplicationContext: initialization completed in 2658 ms
2021-08-12 00:34:43.750  INFO 1836 --- [main] o.hibernate.jpa.internal.util.LogHelper  : HHH000204: Processing PersistenceUnitInfo [name: default]
2021-08-12 00:34:43.840  INFO 1836 --- [main] org.hibernate.Version                    : HHH000412: Hibernate ORM core version 5.4.32.Final
2021-08-12 00:34:44.110  INFO 1836 --- [main] o.hibernate.annotations.common.Version   : HCANN000001: Hibernate Commons Annotations {5.1.2.Final}
2021-08-12 00:34:44.454  INFO 1836 --- [main] com.zaxxer.hikari.HikariDataSource       : HikariPool-1 - Starting...
2021-08-12 00:34:45.483  INFO 1836 --- [main] com.zaxxer.hikari.HikariDataSource       : HikariPool-1 - Start completed.
2021-08-12 00:34:45.520  INFO 1836 --- [main] org.hibernate.dialect.Dialect            : HHH000400: Using dialect: org.hibernate.dialect.MySQL8Dialect
2021-08-12 00:34:46.667  INFO 1836 --- [main] o.h.e.t.j.p.i.JtaPlatformInitiator       : HHH000490: Using JtaPlatform implementation: [org.hibernate.engine.transaction.jta.platform.internal.NoJtaPlatform]
2021-08-12 00:34:46.699  INFO 1836 --- [main] j.LocalContainerEntityManagerFactoryBean : Initialized JPA EntityManagerFactory for persistence unit 'default'
2021-08-12 00:34:47.224  WARN 1836 --- [main] JpaBaseConfiguration$JpaWebConfiguration : spring.jpa.open-in-view is enabled by default. Therefore, database queries may be performed during view rendering. Explicitly configure spring.jpa.open-in-view to disable this warning
2021-08-12 00:34:48.073  INFO 1836 --- [main] o.s.b.a.e.web.EndpointLinksResolver      : Exposing 1 endpoint(s) beneath base path '/actuator'
2021-08-12 00:34:48.158  INFO 1836 --- [main] o.s.b.w.embedded.tomcat.TomcatWebServer  : Tomcat started on port(s): 8080 (http) with context path ''
2021-08-12 00:34:48.185  INFO 1836 --- [main] com.rest.NativeQuaryExampleApplication   : Started NativeQuaryExampleApplication in 8.483 seconds (JVM running for 10.309)
2021-08-12 00:37:31.102  INFO 1836 --- [RMI TCP Connection(2)-127.0.0.1] inMXBeanRegistrar$SpringApplicationAdmin : Application shutdown requested.
2021-08-12 00:37:31.651  INFO 1836 --- [RMI TCP Connection(2)-127.0.0.1] j.LocalContainerEntityManagerFactoryBean : Closing JPA EntityManagerFactory for persistence unit 'default'
2021-08-12 00:37:31.655  INFO 1836 --- [RMI TCP Connection(2)-127.0.0.1] com.zaxxer.hikari.HikariDataSource       : HikariPool-1 - Shutdown initiated...
2021-08-12 00:37:31.679  INFO 1836 --- [RMI TCP Connection(2)-127.0.0.1] com.zaxxer.hikari.HikariDataSource       : HikariPool-1 - Shutdown completed.
