[2021-08-12 00:42:42] [      main] [INFO ] [         c.rest.NativeQuaryExampleApplication] [Spring] [cor-id=] : Starting NativeQuaryExampleApplication using Java 1.8.0_131 on PRATIK-PC with PID 4024 (C:\Users\Pratik Dutta\Documents\workspace-spring-tool-suite-4-4.5.1.RELEASE\NativeQuaryExample\target\classes started by Pratik Dutta in C:\Users\Pratik Dutta\Documents\workspace-spring-tool-suite-4-4.5.1.RELEASE\NativeQuaryExample) 
[2021-08-12 00:42:42] [      main] [INFO ] [         c.rest.NativeQuaryExampleApplication] [Spring] [cor-id=] : No active profile set, falling back to default profiles: default 
[2021-08-12 00:42:44] [      main] [INFO ] [    o.s.d.r.c.RepositoryConfigurationDelegate] [Spring] [cor-id=] : Bootstrapping Spring Data JPA repositories in DEFAULT mode. 
[2021-08-12 00:42:44] [      main] [INFO ] [    o.s.d.r.c.RepositoryConfigurationDelegate] [Spring] [cor-id=] : Finished Spring Data repository scanning in 137 ms. Found 1 JPA repository interfaces. 
[2021-08-12 00:42:46] [      main] [INFO ] [             o.s.b.w.e.tomcat.TomcatWebServer] [Spring] [cor-id=] : Tomcat initialized with port(s): 8080 (http) 
[2021-08-12 00:42:46] [      main] [INFO ] [            o.a.catalina.core.StandardService] [Spring] [cor-id=] : Starting service [Tomcat] 
[2021-08-12 00:42:46] [      main] [INFO ] [             o.a.catalina.core.StandardEngine] [Spring] [cor-id=] : Starting Servlet engine: [Apache Tomcat/9.0.48] 
[2021-08-12 00:42:46] [      main] [INFO ] [           o.a.c.c.C.[Tomcat].[localhost].[/]] [Spring] [cor-id=] : Initializing Spring embedded WebApplicationContext 
[2021-08-12 00:42:46] [      main] [INFO ] [.s.b.w.s.c.ServletWebServerApplicationContext] [Spring] [cor-id=] : Root WebApplicationContext: initialization completed in 3109 ms 
[2021-08-12 00:42:46] [      main] [INFO ] [              o.h.jpa.internal.util.LogHelper] [Spring] [cor-id=] : HHH000204: Processing PersistenceUnitInfo [name: default] 
[2021-08-12 00:42:46] [      main] [INFO ] [                        org.hibernate.Version] [Spring] [cor-id=] : HHH000412: Hibernate ORM core version 5.4.32.Final 
[2021-08-12 00:42:47] [      main] [INFO ] [               o.h.annotations.common.Version] [Spring] [cor-id=] : HCANN000001: Hibernate Commons Annotations {5.1.2.Final} 
[2021-08-12 00:42:47] [      main] [INFO ] [           com.zaxxer.hikari.HikariDataSource] [Spring] [cor-id=] : HikariPool-1 - Starting... 
[2021-08-12 00:42:48] [      main] [INFO ] [           com.zaxxer.hikari.HikariDataSource] [Spring] [cor-id=] : HikariPool-1 - Start completed. 
[2021-08-12 00:42:48] [      main] [INFO ] [                org.hibernate.dialect.Dialect] [Spring] [cor-id=] : HHH000400: Using dialect: org.hibernate.dialect.MySQL8Dialect 
[2021-08-12 00:42:49] [      main] [INFO ] [           o.h.e.t.j.p.i.JtaPlatformInitiator] [Spring] [cor-id=] : HHH000490: Using JtaPlatform implementation: [org.hibernate.engine.transaction.jta.platform.internal.NoJtaPlatform] 
[2021-08-12 00:42:49] [      main] [INFO ] [.s.o.j.LocalContainerEntityManagerFactoryBean] [Spring] [cor-id=] : Initialized JPA EntityManagerFactory for persistence unit 'default' 
[2021-08-12 00:42:50] [      main] [WARN ] [.o.j.JpaBaseConfiguration$JpaWebConfiguration] [Spring] [cor-id=] : spring.jpa.open-in-view is enabled by default. Therefore, database queries may be performed during view rendering. Explicitly configure spring.jpa.open-in-view to disable this warning 
[2021-08-12 00:42:51] [      main] [INFO ] [          o.s.b.a.e.web.EndpointLinksResolver] [Spring] [cor-id=] : Exposing 1 endpoint(s) beneath base path '/actuator' 
[2021-08-12 00:42:51] [      main] [INFO ] [             o.s.b.w.e.tomcat.TomcatWebServer] [Spring] [cor-id=] : Tomcat started on port(s): 8080 (http) with context path '' 
[2021-08-12 00:42:51] [      main] [INFO ] [         c.rest.NativeQuaryExampleApplication] [Spring] [cor-id=] : Started NativeQuaryExampleApplication in 9.232 seconds (JVM running for 11.093) 
[2021-08-12 00:43:14] [-127.0.0.1] [INFO ] [onAdminMXBeanRegistrar$SpringApplicationAdmin] [Spring] [cor-id=] : Application shutdown requested. 
[2021-08-12 00:43:14] [-127.0.0.1] [INFO ] [.s.o.j.LocalContainerEntityManagerFactoryBean] [Spring] [cor-id=] : Closing JPA EntityManagerFactory for persistence unit 'default' 
[2021-08-12 00:43:14] [-127.0.0.1] [INFO ] [           com.zaxxer.hikari.HikariDataSource] [Spring] [cor-id=] : HikariPool-1 - Shutdown initiated... 
[2021-08-12 00:43:14] [-127.0.0.1] [INFO ] [           com.zaxxer.hikari.HikariDataSource] [Spring] [cor-id=] : HikariPool-1 - Shutdown completed. 
