[2021-09-01 16:07:07] [      main] [INFO ] [         c.rest.NativeQuaryExampleApplication] [url=] [cor-id=] : Starting NativeQuaryExampleApplication using Java 1.8.0_131 on PRATIK-PC with PID 13820 (C:\Users\Pratik Dutta\Documents\workspace-spring-tool-suite-4-4.5.1.RELEASE\NativeQuaryExample\target\classes started by Pratik Dutta in C:\Users\Pratik Dutta\Documents\workspace-spring-tool-suite-4-4.5.1.RELEASE\NativeQuaryExample) 
[2021-09-01 16:07:07] [      main] [INFO ] [         c.rest.NativeQuaryExampleApplication] [url=] [cor-id=] : The following profiles are active: dev 
[2021-09-01 16:07:11] [      main] [INFO ] [    o.s.d.r.c.RepositoryConfigurationDelegate] [url=] [cor-id=] : Bootstrapping Spring Data JPA repositories in DEFAULT mode. 
[2021-09-01 16:07:12] [      main] [INFO ] [    o.s.d.r.c.RepositoryConfigurationDelegate] [url=] [cor-id=] : Finished Spring Data repository scanning in 231 ms. Found 2 JPA repository interfaces. 
[2021-09-01 16:07:13] [      main] [INFO ] [             o.s.b.w.e.tomcat.TomcatWebServer] [url=] [cor-id=] : Tomcat initialized with port(s): 8080 (http) 
[2021-09-01 16:07:13] [      main] [INFO ] [            o.a.catalina.core.StandardService] [url=] [cor-id=] : Starting service [Tomcat] 
[2021-09-01 16:07:13] [      main] [INFO ] [             o.a.catalina.core.StandardEngine] [url=] [cor-id=] : Starting Servlet engine: [Apache Tomcat/9.0.48] 
[2021-09-01 16:07:14] [      main] [INFO ] [               o.a.c.c.C.[.[localhost].[/api]] [url=] [cor-id=] : Initializing Spring embedded WebApplicationContext 
[2021-09-01 16:07:14] [      main] [INFO ] [.s.b.w.s.c.ServletWebServerApplicationContext] [url=] [cor-id=] : Root WebApplicationContext: initialization completed in 6274 ms 
[2021-09-01 16:07:14] [      main] [INFO ] [              o.h.jpa.internal.util.LogHelper] [url=] [cor-id=] : HHH000204: Processing PersistenceUnitInfo [name: default] 
[2021-09-01 16:07:14] [      main] [INFO ] [                        org.hibernate.Version] [url=] [cor-id=] : HHH000412: Hibernate ORM core version 5.4.32.Final 
[2021-09-01 16:07:15] [      main] [INFO ] [               o.h.annotations.common.Version] [url=] [cor-id=] : HCANN000001: Hibernate Commons Annotations {5.1.2.Final} 
[2021-09-01 16:07:15] [      main] [INFO ] [           com.zaxxer.hikari.HikariDataSource] [url=] [cor-id=] : HikariPool-1 - Starting... 
[2021-09-01 16:07:16] [      main] [INFO ] [           com.zaxxer.hikari.HikariDataSource] [url=] [cor-id=] : HikariPool-1 - Start completed. 
[2021-09-01 16:07:16] [      main] [INFO ] [                org.hibernate.dialect.Dialect] [url=] [cor-id=] : HHH000400: Using dialect: org.hibernate.dialect.MySQL8Dialect 
[2021-09-01 16:07:22] [      main] [INFO ] [           o.h.e.t.j.p.i.JtaPlatformInitiator] [url=] [cor-id=] : HHH000490: Using JtaPlatform implementation: [org.hibernate.engine.transaction.jta.platform.internal.NoJtaPlatform] 
[2021-09-01 16:07:23] [      main] [INFO ] [.s.o.j.LocalContainerEntityManagerFactoryBean] [url=] [cor-id=] : Initialized JPA EntityManagerFactory for persistence unit 'default' 
[2021-09-01 16:07:24] [      main] [WARN ] [.o.j.JpaBaseConfiguration$JpaWebConfiguration] [url=] [cor-id=] : spring.jpa.open-in-view is enabled by default. Therefore, database queries may be performed during view rendering. Explicitly configure spring.jpa.open-in-view to disable this warning 
[2021-09-01 16:07:27] [      main] [INFO ] [          o.s.b.a.e.web.EndpointLinksResolver] [url=] [cor-id=] : Exposing 1 endpoint(s) beneath base path '/v1' 
[2021-09-01 16:07:27] [      main] [WARN ] [ationConfigServletWebServerApplicationContext] [url=] [cor-id=] : Exception encountered during context initialization - cancelling refresh attempt: org.springframework.context.ApplicationContextException: Failed to start bean 'webServerStartStop'; nested exception is org.springframework.boot.web.server.PortInUseException: Port 8080 is already in use 
[2021-09-01 16:07:27] [      main] [INFO ] [.s.o.j.LocalContainerEntityManagerFactoryBean] [url=] [cor-id=] : Closing JPA EntityManagerFactory for persistence unit 'default' 
[2021-09-01 16:07:27] [      main] [INFO ] [           com.zaxxer.hikari.HikariDataSource] [url=] [cor-id=] : HikariPool-1 - Shutdown initiated... 
[2021-09-01 16:07:27] [      main] [INFO ] [           com.zaxxer.hikari.HikariDataSource] [url=] [cor-id=] : HikariPool-1 - Shutdown completed. 
[2021-09-01 16:07:27] [      main] [INFO ] [            o.a.catalina.core.StandardService] [url=] [cor-id=] : Stopping service [Tomcat] 
[2021-09-01 16:07:27] [      main] [INFO ] [.a.l.ConditionEvaluationReportLoggingListener] [url=] [cor-id=] : 

Error starting ApplicationContext. To display the conditions report re-run your application with 'debug' enabled. 
[2021-09-01 16:07:27] [      main] [ERROR] [       o.s.b.d.LoggingFailureAnalysisReporter] [url=] [cor-id=] : 

***************************
APPLICATION FAILED TO START
***************************

Description:

Web server failed to start. Port 8080 was already in use.

Action:

Identify and stop the process that's listening on port 8080 or configure this application to listen on another port.
 
[2021-09-01 16:08:22] [      main] [INFO ] [         c.rest.NativeQuaryExampleApplication] [url=] [cor-id=] : Starting NativeQuaryExampleApplication using Java 1.8.0_131 on PRATIK-PC with PID 13744 (C:\Users\Pratik Dutta\Documents\workspace-spring-tool-suite-4-4.5.1.RELEASE\NativeQuaryExample\target\classes started by Pratik Dutta in C:\Users\Pratik Dutta\Documents\workspace-spring-tool-suite-4-4.5.1.RELEASE\NativeQuaryExample) 
[2021-09-01 16:08:22] [      main] [INFO ] [         c.rest.NativeQuaryExampleApplication] [url=] [cor-id=] : The following profiles are active: dev 
[2021-09-01 16:08:24] [      main] [INFO ] [    o.s.d.r.c.RepositoryConfigurationDelegate] [url=] [cor-id=] : Bootstrapping Spring Data JPA repositories in DEFAULT mode. 
[2021-09-01 16:08:24] [      main] [INFO ] [    o.s.d.r.c.RepositoryConfigurationDelegate] [url=] [cor-id=] : Finished Spring Data repository scanning in 112 ms. Found 2 JPA repository interfaces. 
[2021-09-01 16:08:25] [      main] [INFO ] [             o.s.b.w.e.tomcat.TomcatWebServer] [url=] [cor-id=] : Tomcat initialized with port(s): 8081 (http) 
[2021-09-01 16:08:25] [      main] [INFO ] [            o.a.catalina.core.StandardService] [url=] [cor-id=] : Starting service [Tomcat] 
[2021-09-01 16:08:25] [      main] [INFO ] [             o.a.catalina.core.StandardEngine] [url=] [cor-id=] : Starting Servlet engine: [Apache Tomcat/9.0.48] 
[2021-09-01 16:08:25] [      main] [INFO ] [               o.a.c.c.C.[.[localhost].[/api]] [url=] [cor-id=] : Initializing Spring embedded WebApplicationContext 
[2021-09-01 16:08:25] [      main] [INFO ] [.s.b.w.s.c.ServletWebServerApplicationContext] [url=] [cor-id=] : Root WebApplicationContext: initialization completed in 2846 ms 
[2021-09-01 16:08:26] [      main] [INFO ] [              o.h.jpa.internal.util.LogHelper] [url=] [cor-id=] : HHH000204: Processing PersistenceUnitInfo [name: default] 
[2021-09-01 16:08:26] [      main] [INFO ] [                        org.hibernate.Version] [url=] [cor-id=] : HHH000412: Hibernate ORM core version 5.4.32.Final 
[2021-09-01 16:08:26] [      main] [INFO ] [               o.h.annotations.common.Version] [url=] [cor-id=] : HCANN000001: Hibernate Commons Annotations {5.1.2.Final} 
[2021-09-01 16:08:27] [      main] [INFO ] [           com.zaxxer.hikari.HikariDataSource] [url=] [cor-id=] : HikariPool-1 - Starting... 
[2021-09-01 16:08:28] [      main] [INFO ] [           com.zaxxer.hikari.HikariDataSource] [url=] [cor-id=] : HikariPool-1 - Start completed. 
[2021-09-01 16:08:28] [      main] [INFO ] [                org.hibernate.dialect.Dialect] [url=] [cor-id=] : HHH000400: Using dialect: org.hibernate.dialect.MySQL8Dialect 
[2021-09-01 16:08:32] [      main] [INFO ] [           o.h.e.t.j.p.i.JtaPlatformInitiator] [url=] [cor-id=] : HHH000490: Using JtaPlatform implementation: [org.hibernate.engine.transaction.jta.platform.internal.NoJtaPlatform] 
[2021-09-01 16:08:32] [      main] [INFO ] [.s.o.j.LocalContainerEntityManagerFactoryBean] [url=] [cor-id=] : Initialized JPA EntityManagerFactory for persistence unit 'default' 
[2021-09-01 16:08:33] [      main] [WARN ] [.o.j.JpaBaseConfiguration$JpaWebConfiguration] [url=] [cor-id=] : spring.jpa.open-in-view is enabled by default. Therefore, database queries may be performed during view rendering. Explicitly configure spring.jpa.open-in-view to disable this warning 
[2021-09-01 16:08:35] [      main] [INFO ] [          o.s.b.a.e.web.EndpointLinksResolver] [url=] [cor-id=] : Exposing 1 endpoint(s) beneath base path '/v1' 
[2021-09-01 16:08:36] [      main] [INFO ] [             o.s.b.w.e.tomcat.TomcatWebServer] [url=] [cor-id=] : Tomcat started on port(s): 8081 (http) with context path '/api' 
[2021-09-01 16:08:36] [      main] [INFO ] [         c.rest.NativeQuaryExampleApplication] [url=] [cor-id=] : Started NativeQuaryExampleApplication in 13.768 seconds (JVM running for 15.306) 
[2021-09-01 16:09:02] [081-exec-2] [INFO ] [               o.a.c.c.C.[.[localhost].[/api]] [url=] [cor-id=] : Initializing Spring DispatcherServlet 'dispatcherServlet' 
[2021-09-01 16:09:02] [081-exec-2] [INFO ] [            o.s.web.servlet.DispatcherServlet] [url=] [cor-id=] : Initializing Servlet 'dispatcherServlet' 
[2021-09-01 16:09:02] [081-exec-2] [INFO ] [            o.s.web.servlet.DispatcherServlet] [url=] [cor-id=] : Completed initialization in 2 ms 
[2021-09-01 16:09:02] [081-exec-2] [INFO ] [           c.r.f.MdcAndConextInitilizerFilter] [url=] [cor-id=] :  MDC initialised with x-request-id : 26ae1f29c89c47aab1f163e92f914afd and Service URL: http://localhost:8081/api/v1/all-dogowner 
[2021-09-01 16:09:12] [081-exec-3] [INFO ] [           c.r.f.MdcAndConextInitilizerFilter] [url=] [cor-id=] :  MDC initialised with x-request-id : 6f8f83136ff4470aa40f9709f5473641 and Service URL: http://localhost:8081/api/v1/dog-ngo/all-dogowner 
[2021-09-01 16:23:55] [081-exec-8] [INFO ] [           c.r.f.MdcAndConextInitilizerFilter] [url=] [cor-id=] :  MDC initialised with x-request-id : 6a7961ad16de4fd08a4a71436d7eecfd and Service URL: http://localhost:8081/api/v1/dog-ngo/detail 
[2021-09-01 16:23:55] [081-exec-8] [INFO ] [           c.r.f.MdcAndConextInitilizerFilter] [url=http://localhost:8081/api/v1/dog-ngo/detail] [cor-id=6a7961ad16de4fd08a4a71436d7eecfd] : Requesting for Save Details with name: mukh thabra 
[2021-09-01 16:23:56] [081-exec-8] [INFO ] [           c.r.f.MdcAndConextInitilizerFilter] [url=http://localhost:8081/api/v1/dog-ngo/detail] [cor-id=6a7961ad16de4fd08a4a71436d7eecfd] : [DogDetailsController] [com.rest.controller.DogDetailsController] Total Execution Time---> 1030 ms 
[2021-09-01 16:24:27] [081-exec-7] [INFO ] [           c.r.f.MdcAndConextInitilizerFilter] [url=] [cor-id=] :  MDC initialised with x-request-id : 3b9fe5a252484f5e9cdfa8a82ecb0b43 and Service URL: http://localhost:8081/api/v1/dog-ngo/all-dogowner 
[2021-09-01 16:25:03] [-127.0.0.1] [INFO ] [onAdminMXBeanRegistrar$SpringApplicationAdmin] [url=] [cor-id=] : Application shutdown requested. 
[2021-09-01 16:25:03] [-127.0.0.1] [INFO ] [.s.o.j.LocalContainerEntityManagerFactoryBean] [url=] [cor-id=] : Closing JPA EntityManagerFactory for persistence unit 'default' 
[2021-09-01 16:25:03] [-127.0.0.1] [INFO ] [           com.zaxxer.hikari.HikariDataSource] [url=] [cor-id=] : HikariPool-1 - Shutdown initiated... 
[2021-09-01 16:25:03] [-127.0.0.1] [INFO ] [           com.zaxxer.hikari.HikariDataSource] [url=] [cor-id=] : HikariPool-1 - Shutdown completed. 
[2021-09-01 16:26:14] [      main] [INFO ] [         c.rest.NativeQuaryExampleApplication] [url=] [cor-id=] : Starting NativeQuaryExampleApplication using Java 1.8.0_131 on PRATIK-PC with PID 2932 (C:\Users\Pratik Dutta\Documents\workspace-spring-tool-suite-4-4.5.1.RELEASE\NativeQuaryExample\target\classes started by Pratik Dutta in C:\Users\Pratik Dutta\Documents\workspace-spring-tool-suite-4-4.5.1.RELEASE\NativeQuaryExample) 
[2021-09-01 16:26:14] [      main] [INFO ] [         c.rest.NativeQuaryExampleApplication] [url=] [cor-id=] : The following profiles are active: dev 
[2021-09-01 16:26:17] [      main] [INFO ] [    o.s.d.r.c.RepositoryConfigurationDelegate] [url=] [cor-id=] : Bootstrapping Spring Data JPA repositories in DEFAULT mode. 
[2021-09-01 16:26:17] [      main] [INFO ] [    o.s.d.r.c.RepositoryConfigurationDelegate] [url=] [cor-id=] : Finished Spring Data repository scanning in 111 ms. Found 2 JPA repository interfaces. 
[2021-09-01 16:26:18] [      main] [INFO ] [             o.s.b.w.e.tomcat.TomcatWebServer] [url=] [cor-id=] : Tomcat initialized with port(s): 8081 (http) 
[2021-09-01 16:26:18] [      main] [INFO ] [            o.a.catalina.core.StandardService] [url=] [cor-id=] : Starting service [Tomcat] 
[2021-09-01 16:26:18] [      main] [INFO ] [             o.a.catalina.core.StandardEngine] [url=] [cor-id=] : Starting Servlet engine: [Apache Tomcat/9.0.48] 
[2021-09-01 16:26:18] [      main] [INFO ] [               o.a.c.c.C.[.[localhost].[/api]] [url=] [cor-id=] : Initializing Spring embedded WebApplicationContext 
[2021-09-01 16:26:18] [      main] [INFO ] [.s.b.w.s.c.ServletWebServerApplicationContext] [url=] [cor-id=] : Root WebApplicationContext: initialization completed in 3374 ms 
[2021-09-01 16:26:19] [      main] [INFO ] [              o.h.jpa.internal.util.LogHelper] [url=] [cor-id=] : HHH000204: Processing PersistenceUnitInfo [name: default] 
[2021-09-01 16:26:19] [      main] [INFO ] [                        org.hibernate.Version] [url=] [cor-id=] : HHH000412: Hibernate ORM core version 5.4.32.Final 
[2021-09-01 16:26:19] [      main] [INFO ] [               o.h.annotations.common.Version] [url=] [cor-id=] : HCANN000001: Hibernate Commons Annotations {5.1.2.Final} 
[2021-09-01 16:26:19] [      main] [INFO ] [           com.zaxxer.hikari.HikariDataSource] [url=] [cor-id=] : HikariPool-1 - Starting... 
[2021-09-01 16:26:20] [      main] [INFO ] [           com.zaxxer.hikari.HikariDataSource] [url=] [cor-id=] : HikariPool-1 - Start completed. 
[2021-09-01 16:26:20] [      main] [INFO ] [                org.hibernate.dialect.Dialect] [url=] [cor-id=] : HHH000400: Using dialect: org.hibernate.dialect.MySQL8Dialect 
[2021-09-01 16:26:27] [      main] [INFO ] [           o.h.e.t.j.p.i.JtaPlatformInitiator] [url=] [cor-id=] : HHH000490: Using JtaPlatform implementation: [org.hibernate.engine.transaction.jta.platform.internal.NoJtaPlatform] 
[2021-09-01 16:26:27] [      main] [INFO ] [.s.o.j.LocalContainerEntityManagerFactoryBean] [url=] [cor-id=] : Initialized JPA EntityManagerFactory for persistence unit 'default' 
[2021-09-01 16:26:30] [      main] [WARN ] [ationConfigServletWebServerApplicationContext] [url=] [cor-id=] : Exception encountered during context initialization - cancelling refresh attempt: org.springframework.beans.factory.UnsatisfiedDependencyException: Error creating bean with name 'dogOwnerController': Unsatisfied dependency expressed through field 'dogOwnerService'; nested exception is org.springframework.beans.factory.UnsatisfiedDependencyException: Error creating bean with name 'dogOwnerServiceImpl': Unsatisfied dependency expressed through field 'restTemplate'; nested exception is org.springframework.beans.factory.NoSuchBeanDefinitionException: No qualifying bean of type 'org.springframework.web.client.RestTemplate' available: expected at least 1 bean which qualifies as autowire candidate. Dependency annotations: {@org.springframework.beans.factory.annotation.Autowired(required=true)} 
[2021-09-01 16:26:30] [      main] [INFO ] [.s.o.j.LocalContainerEntityManagerFactoryBean] [url=] [cor-id=] : Closing JPA EntityManagerFactory for persistence unit 'default' 
[2021-09-01 16:26:30] [      main] [INFO ] [           com.zaxxer.hikari.HikariDataSource] [url=] [cor-id=] : HikariPool-1 - Shutdown initiated... 
[2021-09-01 16:26:30] [      main] [INFO ] [           com.zaxxer.hikari.HikariDataSource] [url=] [cor-id=] : HikariPool-1 - Shutdown completed. 
[2021-09-01 16:26:30] [      main] [INFO ] [            o.a.catalina.core.StandardService] [url=] [cor-id=] : Stopping service [Tomcat] 
[2021-09-01 16:26:30] [      main] [INFO ] [.a.l.ConditionEvaluationReportLoggingListener] [url=] [cor-id=] : 

Error starting ApplicationContext. To display the conditions report re-run your application with 'debug' enabled. 
[2021-09-01 16:26:30] [      main] [ERROR] [       o.s.b.d.LoggingFailureAnalysisReporter] [url=] [cor-id=] : 

***************************
APPLICATION FAILED TO START
***************************

Description:

Field restTemplate in com.rest.service.Impl.DogOwnerServiceImpl required a bean of type 'org.springframework.web.client.RestTemplate' that could not be found.

The injection point has the following annotations:
	- @org.springframework.beans.factory.annotation.Autowired(required=true)


Action:

Consider defining a bean of type 'org.springframework.web.client.RestTemplate' in your configuration.
 
[2021-09-01 16:26:54] [      main] [INFO ] [         c.rest.NativeQuaryExampleApplication] [url=] [cor-id=] : Starting NativeQuaryExampleApplication using Java 1.8.0_131 on PRATIK-PC with PID 14640 (C:\Users\Pratik Dutta\Documents\workspace-spring-tool-suite-4-4.5.1.RELEASE\NativeQuaryExample\target\classes started by Pratik Dutta in C:\Users\Pratik Dutta\Documents\workspace-spring-tool-suite-4-4.5.1.RELEASE\NativeQuaryExample) 
[2021-09-01 16:26:54] [      main] [INFO ] [         c.rest.NativeQuaryExampleApplication] [url=] [cor-id=] : The following profiles are active: dev 
[2021-09-01 16:26:57] [      main] [INFO ] [    o.s.d.r.c.RepositoryConfigurationDelegate] [url=] [cor-id=] : Bootstrapping Spring Data JPA repositories in DEFAULT mode. 
[2021-09-01 16:26:57] [      main] [INFO ] [    o.s.d.r.c.RepositoryConfigurationDelegate] [url=] [cor-id=] : Finished Spring Data repository scanning in 114 ms. Found 2 JPA repository interfaces. 
[2021-09-01 16:26:58] [      main] [INFO ] [             o.s.b.w.e.tomcat.TomcatWebServer] [url=] [cor-id=] : Tomcat initialized with port(s): 8081 (http) 
[2021-09-01 16:26:58] [      main] [INFO ] [            o.a.catalina.core.StandardService] [url=] [cor-id=] : Starting service [Tomcat] 
[2021-09-01 16:26:58] [      main] [INFO ] [             o.a.catalina.core.StandardEngine] [url=] [cor-id=] : Starting Servlet engine: [Apache Tomcat/9.0.48] 
[2021-09-01 16:26:58] [      main] [INFO ] [               o.a.c.c.C.[.[localhost].[/api]] [url=] [cor-id=] : Initializing Spring embedded WebApplicationContext 
[2021-09-01 16:26:58] [      main] [INFO ] [.s.b.w.s.c.ServletWebServerApplicationContext] [url=] [cor-id=] : Root WebApplicationContext: initialization completed in 3674 ms 
[2021-09-01 16:26:59] [      main] [INFO ] [              o.h.jpa.internal.util.LogHelper] [url=] [cor-id=] : HHH000204: Processing PersistenceUnitInfo [name: default] 
[2021-09-01 16:26:59] [      main] [INFO ] [                        org.hibernate.Version] [url=] [cor-id=] : HHH000412: Hibernate ORM core version 5.4.32.Final 
[2021-09-01 16:26:59] [      main] [INFO ] [               o.h.annotations.common.Version] [url=] [cor-id=] : HCANN000001: Hibernate Commons Annotations {5.1.2.Final} 
[2021-09-01 16:26:59] [      main] [INFO ] [           com.zaxxer.hikari.HikariDataSource] [url=] [cor-id=] : HikariPool-1 - Starting... 
[2021-09-01 16:27:01] [      main] [INFO ] [           com.zaxxer.hikari.HikariDataSource] [url=] [cor-id=] : HikariPool-1 - Start completed. 
[2021-09-01 16:27:01] [      main] [INFO ] [                org.hibernate.dialect.Dialect] [url=] [cor-id=] : HHH000400: Using dialect: org.hibernate.dialect.MySQL8Dialect 
[2021-09-01 16:27:06] [      main] [INFO ] [           o.h.e.t.j.p.i.JtaPlatformInitiator] [url=] [cor-id=] : HHH000490: Using JtaPlatform implementation: [org.hibernate.engine.transaction.jta.platform.internal.NoJtaPlatform] 
[2021-09-01 16:27:06] [      main] [INFO ] [.s.o.j.LocalContainerEntityManagerFactoryBean] [url=] [cor-id=] : Initialized JPA EntityManagerFactory for persistence unit 'default' 
[2021-09-01 16:27:08] [      main] [WARN ] [.o.j.JpaBaseConfiguration$JpaWebConfiguration] [url=] [cor-id=] : spring.jpa.open-in-view is enabled by default. Therefore, database queries may be performed during view rendering. Explicitly configure spring.jpa.open-in-view to disable this warning 
[2021-09-01 16:27:10] [      main] [INFO ] [          o.s.b.a.e.web.EndpointLinksResolver] [url=] [cor-id=] : Exposing 1 endpoint(s) beneath base path '/v1' 
[2021-09-01 16:27:10] [      main] [INFO ] [             o.s.b.w.e.tomcat.TomcatWebServer] [url=] [cor-id=] : Tomcat started on port(s): 8081 (http) with context path '/api' 
[2021-09-01 16:27:10] [      main] [INFO ] [         c.rest.NativeQuaryExampleApplication] [url=] [cor-id=] : Started NativeQuaryExampleApplication in 16.746 seconds (JVM running for 18.563) 
[2021-09-01 16:27:28] [081-exec-2] [INFO ] [               o.a.c.c.C.[.[localhost].[/api]] [url=] [cor-id=] : Initializing Spring DispatcherServlet 'dispatcherServlet' 
[2021-09-01 16:27:28] [081-exec-2] [INFO ] [            o.s.web.servlet.DispatcherServlet] [url=] [cor-id=] : Initializing Servlet 'dispatcherServlet' 
[2021-09-01 16:27:28] [081-exec-2] [INFO ] [            o.s.web.servlet.DispatcherServlet] [url=] [cor-id=] : Completed initialization in 3 ms 
[2021-09-01 16:27:28] [081-exec-2] [INFO ] [           c.r.f.MdcAndConextInitilizerFilter] [url=] [cor-id=] :  MDC initialised with x-request-id : 9da630dce294498aa81427d0fe7b3bf4 and Service URL: http://localhost:8081/api/v1/dog-ngo/detail 
[2021-09-01 16:27:28] [081-exec-2] [INFO ] [           c.r.f.MdcAndConextInitilizerFilter] [url=http://localhost:8081/api/v1/dog-ngo/detail] [cor-id=9da630dce294498aa81427d0fe7b3bf4] : Requesting for Save Details with name: Mota vai 
[2021-09-01 16:27:40] [081-exec-4] [INFO ] [           c.r.f.MdcAndConextInitilizerFilter] [url=] [cor-id=] :  MDC initialised with x-request-id : 63c62cce5ae041a8b1256fb4d1376056 and Service URL: http://localhost:8081/api/v1/dog-ngo/detail 
[2021-09-01 16:27:40] [081-exec-4] [INFO ] [           c.r.f.MdcAndConextInitilizerFilter] [url=http://localhost:8081/api/v1/dog-ngo/detail] [cor-id=63c62cce5ae041a8b1256fb4d1376056] : Requesting for Save Details with name: Mota vai 
[2021-09-01 16:27:52] [081-exec-5] [INFO ] [           c.r.f.MdcAndConextInitilizerFilter] [url=] [cor-id=] :  MDC initialised with x-request-id : e77f8ba6a78e4de0b991f939733572a5 and Service URL: http://localhost:8081/api/v1/dog-ngo/detail 
[2021-09-01 16:27:52] [081-exec-5] [INFO ] [           c.r.f.MdcAndConextInitilizerFilter] [url=http://localhost:8081/api/v1/dog-ngo/detail] [cor-id=e77f8ba6a78e4de0b991f939733572a5] : Requesting for Save Details with name: Mota vai 
[2021-09-01 16:28:37] [081-exec-7] [INFO ] [           c.r.f.MdcAndConextInitilizerFilter] [url=] [cor-id=] :  MDC initialised with x-request-id : a52a1e9fb0e4433182f96d5293957e16 and Service URL: http://localhost:8081/api/v1/dog-ngo/all-dogowner 
[2021-09-01 16:29:16] [-127.0.0.1] [INFO ] [onAdminMXBeanRegistrar$SpringApplicationAdmin] [url=] [cor-id=] : Application shutdown requested. 
[2021-09-01 16:29:17] [-127.0.0.1] [INFO ] [.s.o.j.LocalContainerEntityManagerFactoryBean] [url=] [cor-id=] : Closing JPA EntityManagerFactory for persistence unit 'default' 
[2021-09-01 16:29:17] [-127.0.0.1] [INFO ] [           com.zaxxer.hikari.HikariDataSource] [url=] [cor-id=] : HikariPool-1 - Shutdown initiated... 
[2021-09-01 16:29:17] [-127.0.0.1] [INFO ] [           com.zaxxer.hikari.HikariDataSource] [url=] [cor-id=] : HikariPool-1 - Shutdown completed. 
[2021-09-01 16:29:22] [      main] [INFO ] [         c.rest.NativeQuaryExampleApplication] [url=] [cor-id=] : Starting NativeQuaryExampleApplication using Java 1.8.0_131 on PRATIK-PC with PID 7868 (C:\Users\Pratik Dutta\Documents\workspace-spring-tool-suite-4-4.5.1.RELEASE\NativeQuaryExample\target\classes started by Pratik Dutta in C:\Users\Pratik Dutta\Documents\workspace-spring-tool-suite-4-4.5.1.RELEASE\NativeQuaryExample) 
[2021-09-01 16:29:22] [      main] [INFO ] [         c.rest.NativeQuaryExampleApplication] [url=] [cor-id=] : The following profiles are active: dev 
[2021-09-01 16:29:24] [      main] [INFO ] [    o.s.d.r.c.RepositoryConfigurationDelegate] [url=] [cor-id=] : Bootstrapping Spring Data JPA repositories in DEFAULT mode. 
[2021-09-01 16:29:24] [      main] [INFO ] [    o.s.d.r.c.RepositoryConfigurationDelegate] [url=] [cor-id=] : Finished Spring Data repository scanning in 121 ms. Found 2 JPA repository interfaces. 
[2021-09-01 16:29:25] [      main] [INFO ] [             o.s.b.w.e.tomcat.TomcatWebServer] [url=] [cor-id=] : Tomcat initialized with port(s): 8081 (http) 
[2021-09-01 16:29:25] [      main] [INFO ] [            o.a.catalina.core.StandardService] [url=] [cor-id=] : Starting service [Tomcat] 
[2021-09-01 16:29:25] [      main] [INFO ] [             o.a.catalina.core.StandardEngine] [url=] [cor-id=] : Starting Servlet engine: [Apache Tomcat/9.0.48] 
[2021-09-01 16:29:25] [      main] [INFO ] [               o.a.c.c.C.[.[localhost].[/api]] [url=] [cor-id=] : Initializing Spring embedded WebApplicationContext 
[2021-09-01 16:29:25] [      main] [INFO ] [.s.b.w.s.c.ServletWebServerApplicationContext] [url=] [cor-id=] : Root WebApplicationContext: initialization completed in 3093 ms 
[2021-09-01 16:29:26] [      main] [INFO ] [              o.h.jpa.internal.util.LogHelper] [url=] [cor-id=] : HHH000204: Processing PersistenceUnitInfo [name: default] 
[2021-09-01 16:29:26] [      main] [INFO ] [                        org.hibernate.Version] [url=] [cor-id=] : HHH000412: Hibernate ORM core version 5.4.32.Final 
[2021-09-01 16:29:26] [      main] [INFO ] [               o.h.annotations.common.Version] [url=] [cor-id=] : HCANN000001: Hibernate Commons Annotations {5.1.2.Final} 
[2021-09-01 16:29:27] [      main] [INFO ] [           com.zaxxer.hikari.HikariDataSource] [url=] [cor-id=] : HikariPool-1 - Starting... 
[2021-09-01 16:29:27] [      main] [INFO ] [           com.zaxxer.hikari.HikariDataSource] [url=] [cor-id=] : HikariPool-1 - Start completed. 
[2021-09-01 16:29:27] [      main] [INFO ] [                org.hibernate.dialect.Dialect] [url=] [cor-id=] : HHH000400: Using dialect: org.hibernate.dialect.MySQL8Dialect 
[2021-09-01 16:29:29] [      main] [INFO ] [           o.h.e.t.j.p.i.JtaPlatformInitiator] [url=] [cor-id=] : HHH000490: Using JtaPlatform implementation: [org.hibernate.engine.transaction.jta.platform.internal.NoJtaPlatform] 
[2021-09-01 16:29:29] [      main] [INFO ] [.s.o.j.LocalContainerEntityManagerFactoryBean] [url=] [cor-id=] : Initialized JPA EntityManagerFactory for persistence unit 'default' 
[2021-09-01 16:29:30] [      main] [WARN ] [.o.j.JpaBaseConfiguration$JpaWebConfiguration] [url=] [cor-id=] : spring.jpa.open-in-view is enabled by default. Therefore, database queries may be performed during view rendering. Explicitly configure spring.jpa.open-in-view to disable this warning 
[2021-09-01 16:29:32] [      main] [INFO ] [          o.s.b.a.e.web.EndpointLinksResolver] [url=] [cor-id=] : Exposing 1 endpoint(s) beneath base path '/v1' 
[2021-09-01 16:29:32] [      main] [INFO ] [             o.s.b.w.e.tomcat.TomcatWebServer] [url=] [cor-id=] : Tomcat started on port(s): 8081 (http) with context path '/api' 
[2021-09-01 16:29:32] [      main] [INFO ] [         c.rest.NativeQuaryExampleApplication] [url=] [cor-id=] : Started NativeQuaryExampleApplication in 10.849 seconds (JVM running for 12.497) 
[2021-09-01 16:30:33] [081-exec-2] [INFO ] [               o.a.c.c.C.[.[localhost].[/api]] [url=] [cor-id=] : Initializing Spring DispatcherServlet 'dispatcherServlet' 
[2021-09-01 16:30:33] [081-exec-2] [INFO ] [            o.s.web.servlet.DispatcherServlet] [url=] [cor-id=] : Initializing Servlet 'dispatcherServlet' 
[2021-09-01 16:30:33] [081-exec-2] [INFO ] [            o.s.web.servlet.DispatcherServlet] [url=] [cor-id=] : Completed initialization in 8 ms 
[2021-09-01 16:30:33] [081-exec-2] [INFO ] [           c.r.f.MdcAndConextInitilizerFilter] [url=] [cor-id=] :  MDC initialised with x-request-id : 264493f5a9b94428a8349a4f60095cbb and Service URL: http://localhost:8081/api/v1/dog-ngo/detail 
[2021-09-01 16:30:33] [081-exec-2] [INFO ] [           c.r.f.MdcAndConextInitilizerFilter] [url=http://localhost:8081/api/v1/dog-ngo/detail] [cor-id=264493f5a9b94428a8349a4f60095cbb] : Requesting for Save Details with name: Mota vai 
[2021-09-01 16:31:43] [081-exec-3] [INFO ] [           c.r.f.MdcAndConextInitilizerFilter] [url=] [cor-id=] :  MDC initialised with x-request-id : 560916d31de44473961ccfe992719b8e and Service URL: http://localhost:8081/api/v1/dog-ngo/detail 
[2021-09-01 16:31:43] [081-exec-3] [INFO ] [           c.r.f.MdcAndConextInitilizerFilter] [url=http://localhost:8081/api/v1/dog-ngo/detail] [cor-id=560916d31de44473961ccfe992719b8e] : Requesting for Save Details with name: Mota vai 
[2021-09-01 16:31:49] [081-exec-5] [INFO ] [           c.r.f.MdcAndConextInitilizerFilter] [url=] [cor-id=] :  MDC initialised with x-request-id : 993182d319fc48a79b365f6a188cb4f6 and Service URL: http://localhost:8081/api/v1/dog-ngo/detail 
[2021-09-01 16:31:49] [081-exec-5] [INFO ] [           c.r.f.MdcAndConextInitilizerFilter] [url=http://localhost:8081/api/v1/dog-ngo/detail] [cor-id=993182d319fc48a79b365f6a188cb4f6] : Requesting for Save Details with name: Motavai 
[2021-09-01 16:33:07] [081-exec-8] [INFO ] [           c.r.f.MdcAndConextInitilizerFilter] [url=] [cor-id=] :  MDC initialised with x-request-id : e3202443d55d49fdbab9b1f95479d42b and Service URL: http://localhost:8081/api/v1/dog-ngo/detail 
[2021-09-01 16:33:07] [081-exec-8] [INFO ] [           c.r.f.MdcAndConextInitilizerFilter] [url=http://localhost:8081/api/v1/dog-ngo/detail] [cor-id=e3202443d55d49fdbab9b1f95479d42b] : Requesting for Save Details with name: Motavai 
[2021-09-01 16:33:51] [081-exec-9] [INFO ] [           c.r.f.MdcAndConextInitilizerFilter] [url=] [cor-id=] :  MDC initialised with x-request-id : 7a6e212c9bfd4b4baebb8e304969aa66 and Service URL: http://localhost:8081/api/v1/dog-ngo/detail 
[2021-09-01 16:33:51] [081-exec-9] [INFO ] [           c.r.f.MdcAndConextInitilizerFilter] [url=http://localhost:8081/api/v1/dog-ngo/detail] [cor-id=7a6e212c9bfd4b4baebb8e304969aa66] : Requesting for Save Details with name: Motavai 
[2021-09-01 16:35:45] [081-exec-2] [INFO ] [           c.r.f.MdcAndConextInitilizerFilter] [url=] [cor-id=] :  MDC initialised with x-request-id : d374d527788e405fbbf12a40363d6190 and Service URL: http://localhost:8081/api/v1/dog-ngo/detail 
[2021-09-01 16:35:45] [081-exec-2] [INFO ] [           c.r.f.MdcAndConextInitilizerFilter] [url=http://localhost:8081/api/v1/dog-ngo/detail] [cor-id=d374d527788e405fbbf12a40363d6190] : Requesting for Save Details with name: Motavai 
[2021-09-01 16:35:45] [081-exec-2] [INFO ] [           c.r.f.MdcAndConextInitilizerFilter] [url=http://localhost:8081/api/v1/dog-ngo/detail] [cor-id=d374d527788e405fbbf12a40363d6190] : [DogDetailsController] [com.rest.controller.DogDetailsController] Total Execution Time---> 295 ms 
[2021-09-01 16:36:09] [081-exec-4] [INFO ] [           c.r.f.MdcAndConextInitilizerFilter] [url=] [cor-id=] :  MDC initialised with x-request-id : 6d5eafeb6683493e9f5b4eaaff0b7a08 and Service URL: http://localhost:8081/api/v1/dog-ngo/detail 
[2021-09-01 16:36:09] [081-exec-4] [INFO ] [           c.r.f.MdcAndConextInitilizerFilter] [url=http://localhost:8081/api/v1/dog-ngo/detail] [cor-id=6d5eafeb6683493e9f5b4eaaff0b7a08] : Requesting for Save Details with name: mukh thabra 
[2021-09-01 16:36:20] [081-exec-6] [INFO ] [           c.r.f.MdcAndConextInitilizerFilter] [url=] [cor-id=] :  MDC initialised with x-request-id : 3d50d502ebfa431cb8e6cf2cb661c7a2 and Service URL: http://localhost:8081/api/v1/dog-ngo/detail 
[2021-09-01 16:36:20] [081-exec-6] [INFO ] [           c.r.f.MdcAndConextInitilizerFilter] [url=http://localhost:8081/api/v1/dog-ngo/detail] [cor-id=3d50d502ebfa431cb8e6cf2cb661c7a2] : Requesting for Save Details with name: mukh thabra 
[2021-09-01 16:36:20] [081-exec-6] [INFO ] [           c.r.f.MdcAndConextInitilizerFilter] [url=http://localhost:8081/api/v1/dog-ngo/detail] [cor-id=3d50d502ebfa431cb8e6cf2cb661c7a2] : [DogDetailsController] [com.rest.controller.DogDetailsController] Total Execution Time---> 321 ms 
[2021-09-01 16:36:28] [081-exec-5] [INFO ] [           c.r.f.MdcAndConextInitilizerFilter] [url=] [cor-id=] :  MDC initialised with x-request-id : 4c729766cb174a15b1603452da4a1724 and Service URL: http://localhost:8081/api/v1/dog-ngo/all-dogowner 
[2021-09-01 16:36:45] [081-exec-8] [INFO ] [           c.r.f.MdcAndConextInitilizerFilter] [url=] [cor-id=] :  MDC initialised with x-request-id : 65a59f174aef4aacbc2a56930693548f and Service URL: http://localhost:8081/api/v1/dog-ngo/all-dogowner 
[2021-09-01 16:44:20] [-127.0.0.1] [INFO ] [onAdminMXBeanRegistrar$SpringApplicationAdmin] [url=] [cor-id=] : Application shutdown requested. 
[2021-09-01 16:44:20] [-127.0.0.1] [INFO ] [.s.o.j.LocalContainerEntityManagerFactoryBean] [url=] [cor-id=] : Closing JPA EntityManagerFactory for persistence unit 'default' 
[2021-09-01 16:44:20] [-127.0.0.1] [INFO ] [           com.zaxxer.hikari.HikariDataSource] [url=] [cor-id=] : HikariPool-1 - Shutdown initiated... 
[2021-09-01 16:44:20] [-127.0.0.1] [INFO ] [           com.zaxxer.hikari.HikariDataSource] [url=] [cor-id=] : HikariPool-1 - Shutdown completed. 
